2025-05-05T03:23:02.283Z [error]: Response: OPTIONS /api/api/approval-workflows - Status: 404 - Time: 3ms - Error: {"statusCode":404,"error":"Not Found","message":"Not Found"}
2025-05-05T03:23:03.304Z [error]: Response: OPTIONS /api/api/approval-workflows - Status: 404 - Time: 1ms - Error: {"statusCode":404,"error":"Not Found","message":"Not Found"}
2025-05-05T03:26:09.450Z [error]: Response: POST /api/users - Status: 400 - Time: 112ms - Error: {"message":"Invalid role"}
2025-05-05T03:26:25.399Z [error]: Response: POST /api/users - Status: 400 - Time: 89ms - Error: {"message":"Invalid role"}
2025-05-05T03:26:47.609Z [error]: Response: POST /api/users - Status: 400 - Time: 76ms - Error: {"message":"Invalid role"}
2025-05-05T03:27:47.875Z [error]: Response: OPTIONS /api/users/b39d97f7-9cb7-4304-9f70-0a7848e86dd3/deactivate - Status: 404 - Time: 2ms - Error: {"statusCode":404,"error":"Not Found","message":"Not Found"}
2025-05-05T03:30:58.238Z [error]: Response: PUT /api/users/b39d97f7-9cb7-4304-9f70-0a7848e86dd3/deactivate - Status: 404 - Time: 14ms - Error: {"message":"User not found"}
2025-05-05T03:31:04.726Z [error]: Response: GET /api/auth/profile - Status: 404 - Time: 5ms - Error: {"message":"User not found"}
2025-05-05T03:31:04.735Z [error]: Response: GET /api/auth/profile - Status: 404 - Time: 5ms - Error: {"message":"User not found"}
2025-05-05T03:31:09.032Z [error]: Error in getAllUsers: QueryFailedError: invalid input value for enum user_role_enum: "admin"
2025-05-05T03:31:09.033Z [error]: Response: GET /api/users - Status: 500 - Time: 16ms - Error: {"message":"An error occurred while fetching users"}
2025-05-05T03:31:10.050Z [error]: Error in getAllUsers: QueryFailedError: invalid input value for enum user_role_enum: "admin"
2025-05-05T03:31:10.050Z [error]: Response: GET /api/users - Status: 500 - Time: 5ms - Error: {"message":"An error occurred while fetching users"}
2025-05-05T03:33:04.650Z [error]: Response: GET /api/auth/profile - Status: 404 - Time: 6ms - Error: {"message":"User not found"}
2025-05-05T03:33:04.661Z [error]: Response: GET /api/auth/profile - Status: 404 - Time: 8ms - Error: {"message":"User not found"}
2025-05-05T03:33:14.179Z [error]: Response: POST /api/auth/login - Status: 401 - Time: 106ms - Error: {"message":"Invalid email or password"}
2025-05-05T03:34:26.692Z [error]: Error in getAllHolidays: TypeError: holiday.date.getFullYear is not a function
2025-05-05T03:34:26.693Z [error]: Response: GET /api/holidays - Status: 500 - Time: 6ms - Error: {"message":"An error occurred while fetching holidays"}
2025-05-05T03:34:27.713Z [error]: Error in getAllHolidays: TypeError: holiday.date.getFullYear is not a function
2025-05-05T03:34:27.713Z [error]: Response: GET /api/holidays - Status: 500 - Time: 3ms - Error: {"message":"An error occurred while fetching holidays"}
2025-05-05T03:34:30.972Z [error]: Error in getAllHolidays: TypeError: holiday.date.getFullYear is not a function
2025-05-05T03:34:30.972Z [error]: Response: GET /api/holidays - Status: 500 - Time: 5ms - Error: {"message":"An error occurred while fetching holidays"}
2025-05-05T03:34:31.988Z [error]: Error in getAllHolidays: TypeError: holiday.date.getFullYear is not a function
2025-05-05T03:34:31.989Z [error]: Response: GET /api/holidays - Status: 500 - Time: 3ms - Error: {"message":"An error occurred while fetching holidays"}
2025-05-05T03:34:32.136Z [error]: Error in getAllHolidays: TypeError: holiday.date.getFullYear is not a function
2025-05-05T03:34:32.137Z [error]: Response: GET /api/holidays - Status: 500 - Time: 4ms - Error: {"message":"An error occurred while fetching holidays"}
2025-05-05T03:34:33.149Z [error]: Error in getAllHolidays: TypeError: holiday.date.getFullYear is not a function
2025-05-05T03:34:33.149Z [error]: Response: GET /api/holidays - Status: 500 - Time: 3ms - Error: {"message":"An error occurred while fetching holidays"}
2025-05-05T03:34:35.396Z [error]: Error in getAllHolidays: TypeError: holiday.date.getFullYear is not a function
2025-05-05T03:34:35.398Z [error]: Response: GET /api/holidays - Status: 500 - Time: 8ms - Error: {"message":"An error occurred while fetching holidays"}
2025-05-05T03:34:36.407Z [error]: Error in getAllHolidays: TypeError: holiday.date.getFullYear is not a function
2025-05-05T03:34:36.408Z [error]: Response: GET /api/holidays - Status: 500 - Time: 4ms - Error: {"message":"An error occurred while fetching holidays"}
2025-05-05T03:36:10.145Z [error]: Error in getAllHolidays: TypeError: holiday.date.getFullYear is not a function
2025-05-05T03:36:10.147Z [error]: Response: GET /api/holidays - Status: 500 - Time: 25ms - Error: {"message":"An error occurred while fetching holidays"}
2025-05-05T03:36:11.170Z [error]: Error in getAllHolidays: TypeError: holiday.date.getFullYear is not a function
2025-05-05T03:36:11.170Z [error]: Response: GET /api/holidays - Status: 500 - Time: 4ms - Error: {"message":"An error occurred while fetching holidays"}
2025-05-05T03:37:04.834Z [error]: Response: GET /api/auth/profile - Status: 404 - Time: 4ms - Error: {"message":"User not found"}
2025-05-05T03:37:04.844Z [error]: Response: GET /api/auth/profile - Status: 404 - Time: 8ms - Error: {"message":"User not found"}
2025-05-05T03:40:00.157Z [error]: Response: POST /api/leave-requests - Status: 404 - Time: 150ms - Error: {"message":"No leave balance found for this leave type"}
2025-05-05T03:40:12.646Z [error]: Response: POST /api/leave-requests - Status: 404 - Time: 91ms - Error: {"message":"No leave balance found for this leave type"}
2025-05-05T03:40:17.181Z [error]: Response: POST /api/leave-requests - Status: 404 - Time: 16ms - Error: {"message":"No leave balance found for this leave type"}
2025-05-05T03:40:21.776Z [error]: Response: POST /api/leave-requests - Status: 404 - Time: 12ms - Error: {"message":"No leave balance found for this leave type"}
2025-05-05T04:28:19.099Z [error]: Response: OPTIONS /api/api/approval-workflows - Status: 404 - Time: 2ms - Error: {"statusCode":404,"error":"Not Found","message":"Not Found"}
2025-05-05T04:28:20.122Z [error]: Response: OPTIONS /api/api/approval-workflows - Status: 404 - Time: 1ms - Error: {"statusCode":404,"error":"Not Found","message":"Not Found"}
2025-05-05T04:28:48.869Z [error]: Response: OPTIONS /api/api/approval-workflows - Status: 404 - Time: 2ms - Error: {"statusCode":404,"error":"Not Found","message":"Not Found"}
2025-05-05T04:28:49.893Z [error]: Response: OPTIONS /api/api/approval-workflows - Status: 404 - Time: 2ms - Error: {"statusCode":404,"error":"Not Found","message":"Not Found"}
2025-05-05T04:42:28.603Z [error]: Response: POST /api/auth/login - Status: 401 - Time: 134ms - Error: {"message":"Invalid email or password"}
2025-05-05T04:57:57.238Z [error]: Error starting server: listen EADDRINUSE: address already in use ::1:3000
2025-05-05T05:01:47.205Z [error]: Error creating sample users: No metadata for "User" was found.
2025-05-05T05:05:00.752Z [error]: Error creating sample users: No metadata for "User" was found.
2025-05-05T05:08:47.429Z [error]: Response: POST /api/users - Status: 409 - Time: 59ms - Error: {"message":"User with this email already exists"}
2025-05-05T05:10:51.550Z [error]: Error sending email: Error: getaddrinfo ENOTFOUND smtp.example.com
2025-05-05T05:10:51.754Z [error]: Error sending email: Error: getaddrinfo ENOTFOUND smtp.example.com
2025-05-05T05:10:51.950Z [error]: Error sending email: Error: getaddrinfo ENOTFOUND smtp.example.com
2025-05-05T05:10:52.150Z [error]: Error sending email: Error: getaddrinfo ENOTFOUND smtp.example.com
2025-05-05T05:10:52.349Z [error]: Error sending email: Error: getaddrinfo ENOTFOUND smtp.example.com
2025-05-05T05:10:52.553Z [error]: Error sending email: Error: getaddrinfo ENOTFOUND smtp.example.com
2025-05-05T05:10:52.750Z [error]: Error sending email: Error: getaddrinfo ENOTFOUND smtp.example.com
2025-05-05T05:10:52.951Z [error]: Error sending email: Error: getaddrinfo ENOTFOUND smtp.example.com
2025-05-05T05:10:53.149Z [error]: Error sending email: Error: getaddrinfo ENOTFOUND smtp.example.com
2025-05-05T05:10:53.351Z [error]: Error sending email: Error: getaddrinfo ENOTFOUND smtp.example.com
2025-05-05T06:43:30.849Z [error]: Response: POST /api/auth/login - Status: 401 - Time: 151ms - Error: {"message":"Invalid email or password"}
2025-05-05T06:43:36.420Z [error]: Response: POST /api/auth/login - Status: 401 - Time: 62ms - Error: {"message":"Invalid email or password"}
2025-05-05T06:43:45.874Z [error]: Response: POST /api/auth/login - Status: 401 - Time: 64ms - Error: {"message":"Invalid email or password"}
2025-05-05T06:44:21.587Z [error]: Response: POST /api/auth/login - Status: 401 - Time: 61ms - Error: {"message":"Invalid email or password"}
2025-05-05T06:44:27.297Z [error]: Response: POST /api/auth/login - Status: 401 - Time: 3ms - Error: {"message":"Invalid email or password"}
2025-05-05T06:46:56.264Z [error]: Response: POST /api/auth/login - Status: 401 - Time: 79ms - Error: {"message":"Invalid email or password"}
2025-05-05T06:57:39.858Z [error]: Response: POST /api/auth/login - Status: 401 - Time: 106ms - Error: {"message":"Invalid email or password"}
2025-05-05T06:57:43.640Z [error]: Response: POST /api/auth/login - Status: 401 - Time: 60ms - Error: {"message":"Invalid email or password"}
2025-05-05T06:57:59.189Z [error]: Response: GET /api/users - Status: 500 - Time: 1ms - Error: {"statusCode":500,"error":"Internal Server Error","message":"An internal server error occurred"}
2025-05-05T06:57:59.190Z [error]: Server error: Insufficient permissions to access this resource
2025-05-05T06:57:59.196Z [error]: Stack: Error: Insufficient permissions to access this resource
    at Object.authenticate (C:\Users\HarishKalyanaperumal\Documents\test\server\src\plugins\auth.ts:66:19)
    at processTicksAndRejections (node:internal/process/task_queues:105:5)
    at async exports.Manager.execute (C:\Users\HarishKalyanaperumal\Documents\test\server\node_modules\@hapi\hapi\lib\toolkit.js:60:28)
    at async module.exports.internals.Auth._authenticate (C:\Users\HarishKalyanaperumal\Documents\test\server\node_modules\@hapi\hapi\lib\auth.js:273:30)
    at async Request._lifecycle (C:\Users\HarishKalyanaperumal\Documents\test\server\node_modules\@hapi\hapi\lib\request.js:370:32)
    at async Request._execute (C:\Users\HarishKalyanaperumal\Documents\test\server\node_modules\@hapi\hapi\lib\request.js:280:9)
2025-05-05T06:58:00.207Z [error]: Response: GET /api/users - Status: 500 - Time: 1ms - Error: {"statusCode":500,"error":"Internal Server Error","message":"An internal server error occurred"}
2025-05-05T06:58:00.208Z [error]: Server error: Insufficient permissions to access this resource
2025-05-05T06:58:00.208Z [error]: Stack: Error: Insufficient permissions to access this resource
    at Object.authenticate (C:\Users\HarishKalyanaperumal\Documents\test\server\src\plugins\auth.ts:66:19)
    at processTicksAndRejections (node:internal/process/task_queues:105:5)
    at async exports.Manager.execute (C:\Users\HarishKalyanaperumal\Documents\test\server\node_modules\@hapi\hapi\lib\toolkit.js:60:28)
    at async module.exports.internals.Auth._authenticate (C:\Users\HarishKalyanaperumal\Documents\test\server\node_modules\@hapi\hapi\lib\auth.js:273:30)
    at async Request._lifecycle (C:\Users\HarishKalyanaperumal\Documents\test\server\node_modules\@hapi\hapi\lib\request.js:370:32)
    at async Request._execute (C:\Users\HarishKalyanaperumal\Documents\test\server\node_modules\@hapi\hapi\lib\request.js:280:9)
2025-05-05T06:58:14.582Z [error]: Response: GET /api/users - Status: 500 - Time: 1ms - Error: {"statusCode":500,"error":"Internal Server Error","message":"An internal server error occurred"}
2025-05-05T06:58:14.583Z [error]: Server error: Insufficient permissions to access this resource
2025-05-05T06:58:14.583Z [error]: Stack: Error: Insufficient permissions to access this resource
    at Object.authenticate (C:\Users\HarishKalyanaperumal\Documents\test\server\src\plugins\auth.ts:66:19)
    at processTicksAndRejections (node:internal/process/task_queues:105:5)
    at async exports.Manager.execute (C:\Users\HarishKalyanaperumal\Documents\test\server\node_modules\@hapi\hapi\lib\toolkit.js:60:28)
    at async module.exports.internals.Auth._authenticate (C:\Users\HarishKalyanaperumal\Documents\test\server\node_modules\@hapi\hapi\lib\auth.js:273:30)
    at async Request._lifecycle (C:\Users\HarishKalyanaperumal\Documents\test\server\node_modules\@hapi\hapi\lib\request.js:370:32)
    at async Request._execute (C:\Users\HarishKalyanaperumal\Documents\test\server\node_modules\@hapi\hapi\lib\request.js:280:9)
2025-05-05T06:59:18.783Z [error]: Response: POST /api/leave-requests - Status: 404 - Time: 58ms - Error: {"message":"No leave balance found for this leave type"}
2025-05-05T06:59:28.658Z [error]: Error sending email: Error: getaddrinfo ENOTFOUND smtp.example.com
2025-05-05T07:02:54.415Z [error]: Response: POST /api/auth/login - Status: 401 - Time: 116ms - Error: {"message":"Invalid email or password"}
2025-05-05T07:54:03.981Z [error]: Response: GET /api/dashboard/manager - Status: 500 - Time: 2ms - Error: {"statusCode":500,"error":"Internal Server Error","message":"An internal server error occurred"}
2025-05-05T07:54:03.982Z [error]: Server error: Insufficient permissions to access this resource
2025-05-05T07:54:03.985Z [error]: Stack: Error: Insufficient permissions to access this resource
    at Object.authenticate (C:\Users\HarishKalyanaperumal\Documents\test\server\src\plugins\auth.ts:66:19)
    at processTicksAndRejections (node:internal/process/task_queues:105:5)
    at async exports.Manager.execute (C:\Users\HarishKalyanaperumal\Documents\test\server\node_modules\@hapi\hapi\lib\toolkit.js:60:28)
    at async module.exports.internals.Auth._authenticate (C:\Users\HarishKalyanaperumal\Documents\test\server\node_modules\@hapi\hapi\lib\auth.js:273:30)
    at async Request._lifecycle (C:\Users\HarishKalyanaperumal\Documents\test\server\node_modules\@hapi\hapi\lib\request.js:370:32)
    at async Request._execute (C:\Users\HarishKalyanaperumal\Documents\test\server\node_modules\@hapi\hapi\lib\request.js:280:9)
2025-05-05T07:54:05.002Z [error]: Response: GET /api/dashboard/manager - Status: 500 - Time: 1ms - Error: {"statusCode":500,"error":"Internal Server Error","message":"An internal server error occurred"}
2025-05-05T07:54:05.003Z [error]: Server error: Insufficient permissions to access this resource
2025-05-05T07:54:05.003Z [error]: Stack: Error: Insufficient permissions to access this resource
    at Object.authenticate (C:\Users\HarishKalyanaperumal\Documents\test\server\src\plugins\auth.ts:66:19)
    at processTicksAndRejections (node:internal/process/task_queues:105:5)
    at async exports.Manager.execute (C:\Users\HarishKalyanaperumal\Documents\test\server\node_modules\@hapi\hapi\lib\toolkit.js:60:28)
    at async module.exports.internals.Auth._authenticate (C:\Users\HarishKalyanaperumal\Documents\test\server\node_modules\@hapi\hapi\lib\auth.js:273:30)
    at async Request._lifecycle (C:\Users\HarishKalyanaperumal\Documents\test\server\node_modules\@hapi\hapi\lib\request.js:370:32)
    at async Request._execute (C:\Users\HarishKalyanaperumal\Documents\test\server\node_modules\@hapi\hapi\lib\request.js:280:9)
2025-05-05T07:54:24.584Z [error]: Error in updateLeaveRequestStatus: TypeError: approvalLevels.find is not a function
2025-05-05T07:54:24.585Z [error]: Response: PUT /api/leave-requests/3e5015a1-c017-44c7-8552-cbcea9f24558/status - Status: 500 - Time: 65ms - Error: {"message":"An error occurred while updating the leave request status"}
2025-05-05T08:05:57.382Z [error]: Error: approvalLevels is not an array: "[{\"level\":1,\"roles\":[\"manager\"]}]"
2025-05-05T08:05:57.384Z [error]: Response: PUT /api/leave-requests/3e5015a1-c017-44c7-8552-cbcea9f24558/status - Status: 500 - Time: 41ms - Error: {"message":"An error occurred while processing approval workflow"}
